<?xml version="1.0" encoding="UTF-8"?>
<testsuite name="SILab2Test" tests="1" skipped="0" failures="0" errors="0" timestamp="2022-05-13T17:59:44" hostname="DESKTOP-19OAGH3" time="0.026">
  <properties/>
  <testcase name="everyStatementAndBranchTest1()" classname="SILab2Test" time="0.026"/>
  <system-out><![CDATA[]]></system-out>
  <system-err><![CDATA[]]></system-err>
</testsuite>
